<?xml version="1.0" encoding="UTF-8"?>
<!-- Generated by org.testng.reporters.JUnitXMLReporter -->
<testsuite hostname="LAPTOP-BH638UES" ignored="0" name="FirstTest" tests="4" failures="0" timestamp="22 Jun 2019 16:35:29 GMT" time="23.057" errors="0">
  <testcase name="GoogleTest1" time="13.313" classname="Tests.FirstTest"/>
  <testcase name="GoogleTest4" time="13.486" classname="Tests.FirstTest"/>
  <testcase name="GoogleTest2" time="13.837" classname="Tests.FirstTest"/>
  <testcase name="GoogleTest3" time="17.934" classname="Tests.FirstTest"/>
</testsuite> <!-- FirstTest -->
